c:\users\базик\desktop\opengl\prog\gm\gm\debug\vc141.pdb
c:\users\базик\desktop\opengl\prog\gm\gm\debug\vc141.idb
c:\users\базик\desktop\opengl\prog\gm\gm\debug\main.obj
c:\users\базик\desktop\opengl\prog\новая папка\gm\gm\debug\vc141.pdb
c:\users\базик\desktop\opengl\prog\новая папка\gm\gm\debug\vc141.idb
c:\users\базик\desktop\opengl\prog\новая папка\gm\gm\debug\render.obj
c:\users\базик\desktop\opengl\prog\новая папка\gm\gm\debug\main.obj
c:\users\базик\desktop\opengl\prog\новая папка\gm\gm\debug\analiz.obj
c:\users\базик\desktop\opengl\prog\gm\debug\gm.exe
c:\users\базик\desktop\opengl\prog\gm\debug\gm.ilk
c:\users\базик\desktop\opengl\prog\gm\debug\gm.pdb
c:\users\базик\desktop\opengl\prog\новая папка\gm\debug\gm.pdb
c:\users\базик\desktop\opengl\prog\новая папка\gm\gm\debug\gm.tlog\cl.command.1.tlog
c:\users\базик\desktop\opengl\prog\новая папка\gm\gm\debug\gm.tlog\cl.read.1.tlog
c:\users\базик\desktop\opengl\prog\новая папка\gm\gm\debug\gm.tlog\cl.write.1.tlog
c:\users\базик\desktop\opengl\prog\новая папка\gm\gm\debug\gm.tlog\link-cvtres.read.1.tlog
c:\users\базик\desktop\opengl\prog\новая папка\gm\gm\debug\gm.tlog\link-cvtres.write.1.tlog
c:\users\базик\desktop\opengl\prog\новая папка\gm\gm\debug\gm.tlog\link-rc.read.1.tlog
c:\users\базик\desktop\opengl\prog\новая папка\gm\gm\debug\gm.tlog\link-rc.write.1.tlog
c:\users\базик\desktop\opengl\prog\новая папка\gm\gm\debug\gm.tlog\link.command.1.tlog
c:\users\базик\desktop\opengl\prog\новая папка\gm\gm\debug\gm.tlog\link.read.1.tlog
c:\users\базик\desktop\opengl\prog\новая папка\gm\gm\debug\gm.tlog\link.write.1.tlog
